<?xml version="1.0" encoding="UTF-8"?>
<testng-results ignored="0" total="2" passed="2" failed="0" skipped="0">
  <reporter-output>
  </reporter-output>
  <suite started-at="2026-06-10T18:17:22 IST" name="Suite" finished-at="2026-06-10T18:17:25 IST" duration-ms="3139">
    <groups>
      <group name="smoke">
        <method signature="hi.sample1()[pri:0, instance:demo_jenkins_selenium.hi@2002fc1d]" name="sample1" class="demo_jenkins_selenium.hi"/>
      </group> <!-- smoke -->
    </groups>
    <test started-at="2026-06-10T18:17:22 IST" name="Test" finished-at="2026-06-10T18:17:25 IST" duration-ms="3139">
      <class name="demo_jenkins_selenium.hi">
        <test-method signature="sample1()[pri:0, instance:demo_jenkins_selenium.hi@2002fc1d]" started-at="2026-06-10T18:17:25 IST" name="sample1" finished-at="2026-06-10T18:17:25 IST" duration-ms="2" status="PASS">
          <reporter-output>
          </reporter-output>
        </test-method> <!-- sample1 -->
      </class> <!-- demo_jenkins_selenium.hi -->
      <class name="demo_jenkins_selenium.TestGoogle">
        <test-method is-config="true" signature="setup()[pri:0, instance:demo_jenkins_selenium.TestGoogle@4d1c00d0]" started-at="2026-06-10T18:17:22 IST" name="setup" finished-at="2026-06-10T18:17:24 IST" duration-ms="1913" status="PASS">
          <reporter-output>
          </reporter-output>
        </test-method> <!-- setup -->
        <test-method signature="openGoogleTest()[pri:0, instance:demo_jenkins_selenium.TestGoogle@4d1c00d0]" started-at="2026-06-10T18:17:24 IST" name="openGoogleTest" finished-at="2026-06-10T18:17:25 IST" duration-ms="847" status="PASS">
          <reporter-output>
          </reporter-output>
        </test-method> <!-- openGoogleTest -->
        <test-method is-config="true" signature="tearDown()[pri:0, instance:demo_jenkins_selenium.TestGoogle@4d1c00d0]" started-at="2026-06-10T18:17:25 IST" name="tearDown" finished-at="2026-06-10T18:17:25 IST" duration-ms="283" status="PASS">
          <reporter-output>
          </reporter-output>
        </test-method> <!-- tearDown -->
      </class> <!-- demo_jenkins_selenium.TestGoogle -->
    </test> <!-- Test -->
  </suite> <!-- Suite -->
</testng-results>
