<?xml version="1.0" encoding="UTF-8"?>
<testng-results ignored="0" total="1" passed="1" failed="0" skipped="0">
  <reporter-output>
  </reporter-output>
  <suite started-at="2026-03-15T10:11:41 IST" name="Suite" finished-at="2026-03-15T10:11:48 IST" duration-ms="7315">
    <groups>
    </groups>
    <test started-at="2026-03-15T10:11:41 IST" name="Test" finished-at="2026-03-15T10:11:48 IST" duration-ms="7315">
      <class name="demo_jenkins_selenium.TestGoogle">
        <test-method is-config="true" signature="setup()[pri:0, instance:demo_jenkins_selenium.TestGoogle@3bf7ca37]" started-at="2026-03-15T10:11:41 IST" name="setup" finished-at="2026-03-15T10:11:47 IST" duration-ms="5886" status="PASS">
          <reporter-output>
          </reporter-output>
        </test-method> <!-- setup -->
        <test-method signature="openGoogleTest()[pri:0, instance:demo_jenkins_selenium.TestGoogle@3bf7ca37]" started-at="2026-03-15T10:11:47 IST" name="openGoogleTest" finished-at="2026-03-15T10:11:48 IST" duration-ms="978" status="PASS">
          <reporter-output>
          </reporter-output>
        </test-method> <!-- openGoogleTest -->
        <test-method is-config="true" signature="tearDown()[pri:0, instance:demo_jenkins_selenium.TestGoogle@3bf7ca37]" started-at="2026-03-15T10:11:48 IST" name="tearDown" finished-at="2026-03-15T10:11:48 IST" duration-ms="343" status="PASS">
          <reporter-output>
          </reporter-output>
        </test-method> <!-- tearDown -->
      </class> <!-- demo_jenkins_selenium.TestGoogle -->
    </test> <!-- Test -->
  </suite> <!-- Suite -->
</testng-results>
